** ComfyUI start up time: 2023-12-12 15:46:22.779809
** ComfyUI start up time: 2023-12-12 15:46:22.785852

Prestartup times for custom nodes:
   0.0 seconds: /media/pliu/Storage/ComfyUI_windows_portable/ComfyUI/custom_nodes/rgthree-comfy
   0.0 seconds: /media/pliu/Storage/ComfyUI_windows_portable/ComfyUI/custom_nodes/ComfyUI-Manager-main
   0.0 seconds: /media/pliu/Storage/ComfyUI_windows_portable/ComfyUI/custom_nodes/ComfyUI-Manager

Total VRAM 11832 MB, total RAM 64066 MB
xformers version: 0.0.22.post7
Set vram state to: NORMAL_VRAM
Device: cuda:0 NVIDIA GeForce RTX 3060 : cudaMallocAsync
VAE dtype: torch.bfloat16
Using xformers cross attention
Adding extra search path checkpoints D:\SD\sd-webui-aki-v4.4/models/Stable-diffusion
Adding extra search path configs D:\SD\sd-webui-aki-v4.4/models/Stable-diffusion
Adding extra search path vae D:\SD\sd-webui-aki-v4.4/models/VAE
Adding extra search path loras D:\SD\sd-webui-aki-v4.4/models/Lora
Adding extra search path loras D:\SD\sd-webui-aki-v4.4/models/LyCORIS
Adding extra search path upscale_models D:\SD\sd-webui-aki-v4.4/models/ESRGAN
Adding extra search path upscale_models D:\SD\sd-webui-aki-v4.4/models/RealESRGAN
Adding extra search path upscale_models D:\SD\sd-webui-aki-v4.4/models/SwinIR
Adding extra search path embeddings D:\SD\sd-webui-aki-v4.4/embeddings
Adding extra search path hypernetworks D:\SD\sd-webui-aki-v4.4/models/hypernetworks
Adding extra search path controlnet D:\SD\sd-webui-aki-v4.4/extensions/sd-webui-controlnet
### Loading: ComfyUI-Manager (V1.6.1)
### ComfyUI Revision: 1773 [6efe561c] | Released on '2023-12-03'
[92m[tinyterraNodes] [32mLoaded[0m
--------------
*ComfyUI_Jags_VectorMagic- nodes_loaded*
--------------
[34mWAS Node Suite: [0mBlenderNeko's Advanced CLIP Text Encode found, attempting to enable `CLIPTextEncode` support.[0m
[34mWAS Node Suite: [0m`CLIPTextEncode (BlenderNeko Advanced + NSP)` node enabled under `WAS Suite/Conditioning` menu.[0m
[34mWAS Node Suite: [0mOpenCV Python FFMPEG support is enabled[0m
[34mWAS Node Suite [93mWarning: [0m`ffmpeg_bin_path` is not set in `/media/pliu/Storage/ComfyUI_windows_portable/ComfyUI/custom_nodes/was-node-suite-comfyui/was_suite_config.json` config file. Will attempt to use system ffmpeg binaries if available.[0m
[34mWAS Node Suite: [0mFinished.[0m [32mLoaded[0m [0m198[0m [32mnodes successfully.[0m

	[3m[93m"Success is not final, failure is not fatal: It is the courage to continue that counts."[0m[3m - Winston Churchill[0m


[32m[1m[rgthree] Loaded 18 exciting nodes.[0m
[32m[rgthree] Optimizing ComfyUI recursive execution. [33mIf queueing and/or re-queueing seems broken, change "patch_recursive_execution" to false in rgthree_config.json [0m

[34mDavemane42 Custom Nodes: [92mLoaded[0m
Registered sys.path: ['/media/pliu/Storage/ComfyUI_windows_portable/ComfyUI/custom_nodes/comfyui_controlnet_aux/src/custom_mmpkg', '/media/pliu/Storage/ComfyUI_windows_portable/ComfyUI/custom_nodes/comfyui_controlnet_aux/src/custom_midas_repo', '/media/pliu/Storage/ComfyUI_windows_portable/ComfyUI/custom_nodes/comfyui_controlnet_aux/src/__init__.py', '/media/pliu/Storage/ComfyUI_windows_portable/ComfyUI/custom_nodes/comfyui_controlnet_aux/src/controlnet_aux', '/media/pliu/Storage/ComfyUI_windows_portable/ComfyUI/custom_nodes/comfyui_controlnet_aux/src/custom_pycocotools', '/media/pliu/Storage/ComfyUI_windows_portable/ComfyUI/custom_nodes/comfyui_controlnet_aux/src/custom_oneformer', '/media/pliu/Storage/ComfyUI_windows_portable/ComfyUI/custom_nodes/comfyui_controlnet_aux/src/custom_detectron2', '/media/pliu/Storage/ComfyUI_windows_portable/ComfyUI/custom_nodes/comfyui_controlnet_aux/src', '/media/pliu/Storage/ComfyUI_windows_portable/ComfyUI/custom_nodes/was-node-suite-comfyui/was_node_suite_comfyui', '/media/pliu/Storage/ComfyUI_windows_portable/ComfyUI/custom_nodes/comfy_clip_blip_node/comfy', '/media/pliu/Storage/ComfyUI_windows_portable/ComfyUI/custom_nodes/ComfyUI_TiledIPAdapter/comfy', '/media/pliu/Storage/ComfyUI_windows_portable/ComfyUI/custom_nodes/ComfyUI_SeeCoder/comfy', '/home/pliu/miniconda3/envs/comfy/lib/python3.10/site-packages/git/ext/gitdb', '/media/pliu/Storage/ComfyUI_windows_portable/ComfyUI/comfy', '/media/pliu/Storage/ComfyUI_windows_portable/ComfyUI', '/home/pliu/miniconda3/envs/comfy/lib/python310.zip', '/home/pliu/miniconda3/envs/comfy/lib/python3.10', '/home/pliu/miniconda3/envs/comfy/lib/python3.10/lib-dynload', '/home/pliu/miniconda3/envs/comfy/lib/python3.10/site-packages', '/tmp/tmpkm18ywj1', '../..', '../ComfyUI', '/media/pliu/Storage/ComfyUI_windows_portable/ComfyUI/custom_nodes/ComfyUI_Jags_VectorMagic', '/media/pliu/Storage/ComfyUI_windows_portable/ComfyUI']
### Loading: ComfyUI-Impact-Pack (V4.24)
### Loading: ComfyUI-Manager (V0.26.2)
### ComfyUI Revision: 1773 [6efe561c]
[AnimateDiff] - [0;33mWARNING[0m - xformers is enabled but it has a bug that can cause issue while using with AnimateDiff.
[1;35m### [START] ComfyUI AlekPet Nodes ###[0m
[92mNode -> PainterNode [Loading][0m
[92mNode -> ExtrasNode [Loading][0m
[92mNode -> ArgosTranslateNode [Loading][0m
[92mNode -> TranslateNode [Loading][0m
[92mNode -> PoseNode [Loading][0m
[1;35m### [END] ComfyUI AlekPet Nodes ###[0m

Import times for custom nodes:
   0.0 seconds: /media/pliu/Storage/ComfyUI_windows_portable/ComfyUI/custom_nodes/wildcards.py
   0.0 seconds: /media/pliu/Storage/ComfyUI_windows_portable/ComfyUI/custom_nodes/clip_text_encoder_a1111.py
   0.0 seconds: /media/pliu/Storage/ComfyUI_windows_portable/ComfyUI/custom_nodes/braintacles-comfyui-nodes
   0.0 seconds: /media/pliu/Storage/ComfyUI_windows_portable/ComfyUI/custom_nodes/stability-ComfyUI-nodes
   0.0 seconds: /media/pliu/Storage/ComfyUI_windows_portable/ComfyUI/custom_nodes/ComfyUI_TiledKSampler
   0.0 seconds: /media/pliu/Storage/ComfyUI_windows_portable/ComfyUI/custom_nodes/ComfyUI_ADV_CLIP_emb
   0.0 seconds: /media/pliu/Storage/ComfyUI_windows_portable/ComfyUI/custom_nodes/comfy_clip_blip_node
   0.0 seconds: /media/pliu/Storage/ComfyUI_windows_portable/ComfyUI/custom_nodes/ComfyUI-TacoNodes
   0.0 seconds: /media/pliu/Storage/ComfyUI_windows_portable/ComfyUI/custom_nodes/ComfyUI_TiledIPAdapter
   0.0 seconds: /media/pliu/Storage/ComfyUI_windows_portable/ComfyUI/custom_nodes/IPAdapter-ComfyUI
   0.0 seconds: /media/pliu/Storage/ComfyUI_windows_portable/ComfyUI/custom_nodes/comfyui-tooling-nodes
   0.0 seconds: /media/pliu/Storage/ComfyUI_windows_portable/ComfyUI/custom_nodes/ComfyUI_SeeCoder
   0.0 seconds: /media/pliu/Storage/ComfyUI_windows_portable/ComfyUI/custom_nodes/ComfyUI_IPAdapter_plus
   0.0 seconds: /media/pliu/Storage/ComfyUI_windows_portable/ComfyUI/custom_nodes/ComfyUI_Dave_CustomNode
   0.0 seconds: /media/pliu/Storage/ComfyUI_windows_portable/ComfyUI/custom_nodes/ComfyUI-VideoHelperSuite
   0.0 seconds: /media/pliu/Storage/ComfyUI_windows_portable/ComfyUI/custom_nodes/comfyui-animatediff
   0.0 seconds: /media/pliu/Storage/ComfyUI_windows_portable/ComfyUI/custom_nodes/ComfyUI-Custom-Scripts
   0.0 seconds: /media/pliu/Storage/ComfyUI_windows_portable/ComfyUI/custom_nodes/ComfyUI_UltimateSDUpscale
   0.0 seconds: /media/pliu/Storage/ComfyUI_windows_portable/ComfyUI/custom_nodes/AIGODLIKE-COMFYUI-TRANSLATION-main
   0.0 seconds: /media/pliu/Storage/ComfyUI_windows_portable/ComfyUI/custom_nodes/ComfyUI-Frame-Interpolation
   0.0 seconds: /media/pliu/Storage/ComfyUI_windows_portable/ComfyUI/custom_nodes/Derfuu_ComfyUI_ModdedNodes
   0.0 seconds: /media/pliu/Storage/ComfyUI_windows_portable/ComfyUI/custom_nodes/clipseg.py
   0.0 seconds: /media/pliu/Storage/ComfyUI_windows_portable/ComfyUI/custom_nodes/ComfyUI-AnimateDiff-Evolved
   0.0 seconds: /media/pliu/Storage/ComfyUI_windows_portable/ComfyUI/custom_nodes/rgthree-comfy
   0.0 seconds: /media/pliu/Storage/ComfyUI_windows_portable/ComfyUI/custom_nodes/ComfyUI_essentials
   0.0 seconds: /media/pliu/Storage/ComfyUI_windows_portable/ComfyUI/custom_nodes/comfyui_controlnet_aux
   0.0 seconds: /media/pliu/Storage/ComfyUI_windows_portable/ComfyUI/custom_nodes/ComfyUI-Manager-main
   0.0 seconds: /media/pliu/Storage/ComfyUI_windows_portable/ComfyUI/custom_nodes/ComfyUI-SVD
   0.0 seconds: /media/pliu/Storage/ComfyUI_windows_portable/ComfyUI/custom_nodes/ComfyUI_tinyterraNodes
   0.0 seconds: /media/pliu/Storage/ComfyUI_windows_portable/ComfyUI/custom_nodes/ComfyUI-Manager
   0.1 seconds: /media/pliu/Storage/ComfyUI_windows_portable/ComfyUI/custom_nodes/ComfyUI-Impact-Pack
   0.4 seconds: /media/pliu/Storage/ComfyUI_windows_portable/ComfyUI/custom_nodes/ComfyUI_Jags_VectorMagic
   0.6 seconds: /media/pliu/Storage/ComfyUI_windows_portable/ComfyUI/custom_nodes/was-node-suite-comfyui
   7.1 seconds: /media/pliu/Storage/ComfyUI_windows_portable/ComfyUI/custom_nodes/ComfyUI_Custom_Nodes_AlekPet

Starting server

To see the GUI go to: http://127.0.0.1:8188
got prompt
<class 'nodes.CheckpointLoaderSimple'>
<class 'nodes.CLIPSetLastLayer'>
<class 'nodes.CLIPTextEncode'>
<class 'nodes.CLIPTextEncode'>
<class 'nodes.CLIPTextEncode'>
<class 'nodes.EmptyLatentImage'>
<class 'nodes.KSamplerAdvanced'>
<class 'nodes.CLIPTextEncode'>
<class 'nodes.EmptyLatentImage'>
<class 'nodes.KSamplerAdvanced'>
<class 'nodes.CLIPTextEncode'>
<class 'nodes.EmptyLatentImage'>
<class 'nodes.KSamplerAdvanced'>
<class 'ComfyUI_Dave_CustomNode.MultiLatentComposite.MultiLatentComposite'>
<class 'nodes.KSamplerAdvanced'>
<class 'nodes.VAEDecode'>
invalid prompt: {'type': 'prompt_no_outputs', 'message': 'Prompt has no outputs', 'details': '', 'extra_info': {}}
got prompt
<class 'nodes.CheckpointLoaderSimple'>
<class 'nodes.CLIPSetLastLayer'>
<class 'nodes.CLIPTextEncode'>
<class 'nodes.CLIPTextEncode'>
<class 'nodes.CLIPTextEncode'>
<class 'nodes.EmptyLatentImage'>
<class 'nodes.KSamplerAdvanced'>
<class 'nodes.CLIPTextEncode'>
<class 'nodes.EmptyLatentImage'>
<class 'nodes.KSamplerAdvanced'>
<class 'nodes.CLIPTextEncode'>
<class 'nodes.EmptyLatentImage'>
<class 'nodes.KSamplerAdvanced'>
<class 'ComfyUI_Dave_CustomNode.MultiLatentComposite.MultiLatentComposite'>
<class 'nodes.KSamplerAdvanced'>
<class 'nodes.VAEDecode'>
<class 'nodes.SaveImage'>
ERROR:root:Failed to validate prompt for output 16:
ERROR:root:* (prompt):
ERROR:root:  - Required input is missing: filename_prefix
ERROR:root:* MultiLatentComposite 13:
ERROR:root:  - Required input is missing: samples_from0
ERROR:root:* SaveImage 16:
ERROR:root:  - Required input is missing: filename_prefix
ERROR:root:Output will be ignored
invalid prompt: {'type': 'prompt_outputs_failed_validation', 'message': 'Prompt outputs failed validation', 'details': 'Required input is missing: filename_prefix', 'extra_info': {}}
got prompt
<class 'nodes.CheckpointLoaderSimple'>
<class 'nodes.CLIPSetLastLayer'>
<class 'nodes.CLIPTextEncode'>
<class 'nodes.CLIPTextEncode'>
<class 'nodes.CLIPTextEncode'>
<class 'nodes.EmptyLatentImage'>
<class 'nodes.KSamplerAdvanced'>
<class 'nodes.CLIPTextEncode'>
<class 'nodes.EmptyLatentImage'>
<class 'nodes.KSamplerAdvanced'>
<class 'nodes.CLIPTextEncode'>
<class 'nodes.EmptyLatentImage'>
<class 'nodes.KSamplerAdvanced'>
<class 'ComfyUI_Dave_CustomNode.MultiLatentComposite.MultiLatentComposite'>
<class 'nodes.KSamplerAdvanced'>
<class 'nodes.VAEDecode'>
<class 'nodes.SaveImage'>
ERROR:root:Failed to validate prompt for output 16:
ERROR:root:* (prompt):
ERROR:root:  - Required input is missing: filename_prefix
ERROR:root:* MultiLatentComposite 13:
ERROR:root:  - Required input is missing: samples_from0
ERROR:root:* SaveImage 16:
ERROR:root:  - Required input is missing: filename_prefix
ERROR:root:Output will be ignored
invalid prompt: {'type': 'prompt_outputs_failed_validation', 'message': 'Prompt outputs failed validation', 'details': 'Required input is missing: filename_prefix', 'extra_info': {}}
got prompt
<class 'nodes.CheckpointLoaderSimple'>
<class 'nodes.CLIPSetLastLayer'>
<class 'nodes.CLIPTextEncode'>
<class 'nodes.CLIPTextEncode'>
<class 'nodes.CLIPTextEncode'>
<class 'nodes.EmptyLatentImage'>
<class 'nodes.KSamplerAdvanced'>
<class 'nodes.CLIPTextEncode'>
<class 'nodes.EmptyLatentImage'>
<class 'nodes.KSamplerAdvanced'>
<class 'nodes.CLIPTextEncode'>
<class 'nodes.EmptyLatentImage'>
<class 'nodes.KSamplerAdvanced'>
<class 'ComfyUI_Dave_CustomNode.MultiLatentComposite.MultiLatentComposite'>
<class 'nodes.KSamplerAdvanced'>
<class 'nodes.VAEDecode'>
<class 'nodes.SaveImage'>
ERROR:root:Failed to validate prompt for output 16:
ERROR:root:* MultiLatentComposite 13:
ERROR:root:  - Required input is missing: samples_from0
ERROR:root:Output will be ignored
invalid prompt: {'type': 'prompt_outputs_failed_validation', 'message': 'Prompt outputs failed validation', 'details': '', 'extra_info': {}}
got prompt
<class 'nodes.CheckpointLoaderSimple'>
<class 'nodes.CLIPSetLastLayer'>
<class 'nodes.CLIPTextEncode'>
<class 'nodes.CLIPTextEncode'>
<class 'nodes.CLIPTextEncode'>
<class 'nodes.EmptyLatentImage'>
<class 'nodes.KSamplerAdvanced'>
<class 'nodes.CLIPTextEncode'>
<class 'nodes.EmptyLatentImage'>
<class 'nodes.KSamplerAdvanced'>
<class 'nodes.CLIPTextEncode'>
<class 'nodes.EmptyLatentImage'>
<class 'nodes.KSamplerAdvanced'>
<class 'ComfyUI_Dave_CustomNode.MultiLatentComposite.MultiLatentComposite'>
<class 'nodes.KSamplerAdvanced'>
<class 'nodes.VAEDecode'>
<class 'nodes.SaveImage'>
model_type EPS
adm 0
Using xformers attention in VAE
Working with z of shape (1, 4, 32, 32) = 4096 dimensions.
Using xformers attention in VAE
missing {'cond_stage_model.clip_l.text_projection', 'cond_stage_model.clip_l.logit_scale'}
left over keys: dict_keys(['alphas_cumprod', 'alphas_cumprod_prev', 'betas', 'log_one_minus_alphas_cumprod', 'model_ema.decay', 'model_ema.diffusion_modelinput_blocks00bias', 'model_ema.diffusion_modelinput_blocks00weight', 'model_ema.diffusion_modelinput_blocks100emb_layers1bias', 'model_ema.diffusion_modelinput_blocks100emb_layers1weight', 'model_ema.diffusion_modelinput_blocks100in_layers0bias', 'model_ema.diffusion_modelinput_blocks100in_layers0weight', 'model_ema.diffusion_modelinput_blocks100in_layers2bias', 'model_ema.diffusion_modelinput_blocks100in_layers2weight', 'model_ema.diffusion_modelinput_blocks100out_layers0bias', 'model_ema.diffusion_modelinput_blocks100out_layers0weight', 'model_ema.diffusion_modelinput_blocks100out_layers3bias', 'model_ema.diffusion_modelinput_blocks100out_layers3weight', 'model_ema.diffusion_modelinput_blocks10emb_layers1bias', 'model_ema.diffusion_modelinput_blocks10emb_layers1weight', 'model_ema.diffusion_modelinput_blocks10in_layers0bias', 'model_ema.diffusion_modelinput_blocks10in_layers0weight', 'model_ema.diffusion_modelinput_blocks10in_layers2bias', 'model_ema.diffusion_modelinput_blocks10in_layers2weight', 'model_ema.diffusion_modelinput_blocks10out_layers0bias', 'model_ema.diffusion_modelinput_blocks10out_layers0weight', 'model_ema.diffusion_modelinput_blocks10out_layers3bias', 'model_ema.diffusion_modelinput_blocks10out_layers3weight', 'model_ema.diffusion_modelinput_blocks110emb_layers1bias', 'model_ema.diffusion_modelinput_blocks110emb_layers1weight', 'model_ema.diffusion_modelinput_blocks110in_layers0bias', 'model_ema.diffusion_modelinput_blocks110in_layers0weight', 'model_ema.diffusion_modelinput_blocks110in_layers2bias', 'model_ema.diffusion_modelinput_blocks110in_layers2weight', 'model_ema.diffusion_modelinput_blocks110out_layers0bias', 'model_ema.diffusion_modelinput_blocks110out_layers0weight', 'model_ema.diffusion_modelinput_blocks110out_layers3bias', 'model_ema.diffusion_modelinput_blocks110out_layers3weight', 'model_ema.diffusion_modelinput_blocks11normbias', 'model_ema.diffusion_modelinput_blocks11normweight', 'model_ema.diffusion_modelinput_blocks11proj_inbias', 'model_ema.diffusion_modelinput_blocks11proj_inweight', 'model_ema.diffusion_modelinput_blocks11proj_outbias', 'model_ema.diffusion_modelinput_blocks11proj_outweight', 'model_ema.diffusion_modelinput_blocks11transformer_blocks0attn1to_kweight', 'model_ema.diffusion_modelinput_blocks11transformer_blocks0attn1to_out0bias', 'model_ema.diffusion_modelinput_blocks11transformer_blocks0attn1to_out0weight', 'model_ema.diffusion_modelinput_blocks11transformer_blocks0attn1to_qweight', 'model_ema.diffusion_modelinput_blocks11transformer_blocks0attn1to_vweight', 'model_ema.diffusion_modelinput_blocks11transformer_blocks0attn2to_kweight', 'model_ema.diffusion_modelinput_blocks11transformer_blocks0attn2to_out0bias', 'model_ema.diffusion_modelinput_blocks11transformer_blocks0attn2to_out0weight', 'model_ema.diffusion_modelinput_blocks11transformer_blocks0attn2to_qweight', 'model_ema.diffusion_modelinput_blocks11transformer_blocks0attn2to_vweight', 'model_ema.diffusion_modelinput_blocks11transformer_blocks0ffnet0projbias', 'model_ema.diffusion_modelinput_blocks11transformer_blocks0ffnet0projweight', 'model_ema.diffusion_modelinput_blocks11transformer_blocks0ffnet2bias', 'model_ema.diffusion_modelinput_blocks11transformer_blocks0ffnet2weight', 'model_ema.diffusion_modelinput_blocks11transformer_blocks0norm1bias', 'model_ema.diffusion_modelinput_blocks11transformer_blocks0norm1weight', 'model_ema.diffusion_modelinput_blocks11transformer_blocks0norm2bias', 'model_ema.diffusion_modelinput_blocks11transformer_blocks0norm2weight', 'model_ema.diffusion_modelinput_blocks11transformer_blocks0norm3bias', 'model_ema.diffusion_modelinput_blocks11transformer_blocks0norm3weight', 'model_ema.diffusion_modelinput_blocks20emb_layers1bias', 'model_ema.diffusion_modelinput_blocks20emb_layers1weight', 'model_ema.diffusion_modelinput_blocks20in_layers0bias', 'model_ema.diffusion_modelinput_blocks20in_layers0weight', 'model_ema.diffusion_modelinput_blocks20in_layers2bias', 'model_ema.diffusion_modelinput_blocks20in_layers2weight', 'model_ema.diffusion_modelinput_blocks20out_layers0bias', 'model_ema.diffusion_modelinput_blocks20out_layers0weight', 'model_ema.diffusion_modelinput_blocks20out_layers3bias', 'model_ema.diffusion_modelinput_blocks20out_layers3weight', 'model_ema.diffusion_modelinput_blocks21normbias', 'model_ema.diffusion_modelinput_blocks21normweight', 'model_ema.diffusion_modelinput_blocks21proj_inbias', 'model_ema.diffusion_modelinput_blocks21proj_inweight', 'model_ema.diffusion_modelinput_blocks21proj_outbias', 'model_ema.diffusion_modelinput_blocks21proj_outweight', 'model_ema.diffusion_modelinput_blocks21transformer_blocks0attn1to_kweight', 'model_ema.diffusion_modelinput_blocks21transformer_blocks0attn1to_out0bias', 'model_ema.diffusion_modelinput_blocks21transformer_blocks0attn1to_out0weight', 'model_ema.diffusion_modelinput_blocks21transformer_blocks0attn1to_qweight', 'model_ema.diffusion_modelinput_blocks21transformer_blocks0attn1to_vweight', 'model_ema.diffusion_modelinput_blocks21transformer_blocks0attn2to_kweight', 'model_ema.diffusion_modelinput_blocks21transformer_blocks0attn2to_out0bias', 'model_ema.diffusion_modelinput_blocks21transformer_blocks0attn2to_out0weight', 'model_ema.diffusion_modelinput_blocks21transformer_blocks0attn2to_qweight', 'model_ema.diffusion_modelinput_blocks21transformer_blocks0attn2to_vweight', 'model_ema.diffusion_modelinput_blocks21transformer_blocks0ffnet0projbias', 'model_ema.diffusion_modelinput_blocks21transformer_blocks0ffnet0projweight', 'model_ema.diffusion_modelinput_blocks21transformer_blocks0ffnet2bias', 'model_ema.diffusion_modelinput_blocks21transformer_blocks0ffnet2weight', 'model_ema.diffusion_modelinput_blocks21transformer_blocks0norm1bias', 'model_ema.diffusion_modelinput_blocks21transformer_blocks0norm1weight', 'model_ema.diffusion_modelinput_blocks21transformer_blocks0norm2bias', 'model_ema.diffusion_modelinput_blocks21transformer_blocks0norm2weight', 'model_ema.diffusion_modelinput_blocks21transformer_blocks0norm3bias', 'model_ema.diffusion_modelinput_blocks21transformer_blocks0norm3weight', 'model_ema.diffusion_modelinput_blocks30opbias', 'model_ema.diffusion_modelinput_blocks30opweight', 'model_ema.diffusion_modelinput_blocks40emb_layers1bias', 'model_ema.diffusion_modelinput_blocks40emb_layers1weight', 'model_ema.diffusion_modelinput_blocks40in_layers0bias', 'model_ema.diffusion_modelinput_blocks40in_layers0weight', 'model_ema.diffusion_modelinput_blocks40in_layers2bias', 'model_ema.diffusion_modelinput_blocks40in_layers2weight', 'model_ema.diffusion_modelinput_blocks40out_layers0bias', 'model_ema.diffusion_modelinput_blocks40out_layers0weight', 'model_ema.diffusion_modelinput_blocks40out_layers3bias', 'model_ema.diffusion_modelinput_blocks40out_layers3weight', 'model_ema.diffusion_modelinput_blocks40skip_connectionbias', 'model_ema.diffusion_modelinput_blocks40skip_connectionweight', 'model_ema.diffusion_modelinput_blocks41normbias', 'model_ema.diffusion_modelinput_blocks41normweight', 'model_ema.diffusion_modelinput_blocks41proj_inbias', 'model_ema.diffusion_modelinput_blocks41proj_inweight', 'model_ema.diffusion_modelinput_blocks41proj_outbias', 'model_ema.diffusion_modelinput_blocks41proj_outweight', 'model_ema.diffusion_modelinput_blocks41transformer_blocks0attn1to_kweight', 'model_ema.diffusion_modelinput_blocks41transformer_blocks0attn1to_out0bias', 'model_ema.diffusion_modelinput_blocks41transformer_blocks0attn1to_out0weight', 'model_ema.diffusion_modelinput_blocks41transformer_blocks0attn1to_qweight', 'model_ema.diffusion_modelinput_blocks41transformer_blocks0attn1to_vweight', 'model_ema.diffusion_modelinput_blocks41transformer_blocks0attn2to_kweight', 'model_ema.diffusion_modelinput_blocks41transformer_blocks0attn2to_out0bias', 'model_ema.diffusion_modelinput_blocks41transformer_blocks0attn2to_out0weight', 'model_ema.diffusion_modelinput_blocks41transformer_blocks0attn2to_qweight', 'model_ema.diffusion_modelinput_blocks41transformer_blocks0attn2to_vweight', 'model_ema.diffusion_modelinput_blocks41transformer_blocks0ffnet0projbias', 'model_ema.diffusion_modelinput_blocks41transformer_blocks0ffnet0projweight', 'model_ema.diffusion_modelinput_blocks41transformer_blocks0ffnet2bias', 'model_ema.diffusion_modelinput_blocks41transformer_blocks0ffnet2weight', 'model_ema.diffusion_modelinput_blocks41transformer_blocks0norm1bias', 'model_ema.diffusion_modelinput_blocks41transformer_blocks0norm1weight', 'model_ema.diffusion_modelinput_blocks41transformer_blocks0norm2bias', 'model_ema.diffusion_modelinput_blocks41transformer_blocks0norm2weight', 'model_ema.diffusion_modelinput_blocks41transformer_blocks0norm3bias', 'model_ema.diffusion_modelinput_blocks41transformer_blocks0norm3weight', 'model_ema.diffusion_modelinput_blocks50emb_layers1bias', 'model_ema.diffusion_modelinput_blocks50emb_layers1weight', 'model_ema.diffusion_modelinput_blocks50in_layers0bias', 'model_ema.diffusion_modelinput_blocks50in_layers0weight', 'model_ema.diffusion_modelinput_blocks50in_layers2bias', 'model_ema.diffusion_modelinput_blocks50in_layers2weight', 'model_ema.diffusion_modelinput_blocks50out_layers0bias', 'model_ema.diffusion_modelinput_blocks50out_layers0weight', 'model_ema.diffusion_modelinput_blocks50out_layers3bias', 'model_ema.diffusion_modelinput_blocks50out_layers3weight', 'model_ema.diffusion_modelinput_blocks51normbias', 'model_ema.diffusion_modelinput_blocks51normweight', 'model_ema.diffusion_modelinput_blocks51proj_inbias', 'model_ema.diffusion_modelinput_blocks51proj_inweight', 'model_ema.diffusion_modelinput_blocks51proj_outbias', 'model_ema.diffusion_modelinput_blocks51proj_outweight', 'model_ema.diffusion_modelinput_blocks51transformer_blocks0attn1to_kweight', 'model_ema.diffusion_modelinput_blocks51transformer_blocks0attn1to_out0bias', 'model_ema.diffusion_modelinput_blocks51transformer_blocks0attn1to_out0weight', 'model_ema.diffusion_modelinput_blocks51transformer_blocks0attn1to_qweight', 'model_ema.diffusion_modelinput_blocks51transformer_blocks0attn1to_vweight', 'model_ema.diffusion_modelinput_blocks51transformer_blocks0attn2to_kweight', 'model_ema.diffusion_modelinput_blocks51transformer_blocks0attn2to_out0bias', 'model_ema.diffusion_modelinput_blocks51transformer_blocks0attn2to_out0weight', 'model_ema.diffusion_modelinput_blocks51transformer_blocks0attn2to_qweight', 'model_ema.diffusion_modelinput_blocks51transformer_blocks0attn2to_vweight', 'model_ema.diffusion_modelinput_blocks51transformer_blocks0ffnet0projbias', 'model_ema.diffusion_modelinput_blocks51transformer_blocks0ffnet0projweight', 'model_ema.diffusion_modelinput_blocks51transformer_blocks0ffnet2bias', 'model_ema.diffusion_modelinput_blocks51transformer_blocks0ffnet2weight', 'model_ema.diffusion_modelinput_blocks51transformer_blocks0norm1bias', 'model_ema.diffusion_modelinput_blocks51transformer_blocks0norm1weight', 'model_ema.diffusion_modelinput_blocks51transformer_blocks0norm2bias', 'model_ema.diffusion_modelinput_blocks51transformer_blocks0norm2weight', 'model_ema.diffusion_modelinput_blocks51transformer_blocks0norm3bias', 'model_ema.diffusion_modelinput_blocks51transformer_blocks0norm3weight', 'model_ema.diffusion_modelinput_blocks60opbias', 'model_ema.diffusion_modelinput_blocks60opweight', 'model_ema.diffusion_modelinput_blocks70emb_layers1bias', 'model_ema.diffusion_modelinput_blocks70emb_layers1weight', 'model_ema.diffusion_modelinput_blocks70in_layers0bias', 'model_ema.diffusion_modelinput_blocks70in_layers0weight', 'model_ema.diffusion_modelinput_blocks70in_layers2bias', 'model_ema.diffusion_modelinput_blocks70in_layers2weight', 'model_ema.diffusion_modelinput_blocks70out_layers0bias', 'model_ema.diffusion_modelinput_blocks70out_layers0weight', 'model_ema.diffusion_modelinput_blocks70out_layers3bias', 'model_ema.diffusion_modelinput_blocks70out_layers3weight', 'model_ema.diffusion_modelinput_blocks70skip_connectionbias', 'model_ema.diffusion_modelinput_blocks70skip_connectionweight', 'model_ema.diffusion_modelinput_blocks71normbias', 'model_ema.diffusion_modelinput_blocks71normweight', 'model_ema.diffusion_modelinput_blocks71proj_inbias', 'model_ema.diffusion_modelinput_blocks71proj_inweight', 'model_ema.diffusion_modelinput_blocks71proj_outbias', 'model_ema.diffusion_modelinput_blocks71proj_outweight', 'model_ema.diffusion_modelinput_blocks71transformer_blocks0attn1to_kweight', 'model_ema.diffusion_modelinput_blocks71transformer_blocks0attn1to_out0bias', 'model_ema.diffusion_modelinput_blocks71transformer_blocks0attn1to_out0weight', 'model_ema.diffusion_modelinput_blocks71transformer_blocks0attn1to_qweight', 'model_ema.diffusion_modelinput_blocks71transformer_blocks0attn1to_vweight', 'model_ema.diffusion_modelinput_blocks71transformer_blocks0attn2to_kweight', 'model_ema.diffusion_modelinput_blocks71transformer_blocks0attn2to_out0bias', 'model_ema.diffusion_modelinput_blocks71transformer_blocks0attn2to_out0weight', 'model_ema.diffusion_modelinput_blocks71transformer_blocks0attn2to_qweight', 'model_ema.diffusion_modelinput_blocks71transformer_blocks0attn2to_vweight', 'model_ema.diffusion_modelinput_blocks71transformer_blocks0ffnet0projbias', 'model_ema.diffusion_modelinput_blocks71transformer_blocks0ffnet0projweight', 'model_ema.diffusion_modelinput_blocks71transformer_blocks0ffnet2bias', 'model_ema.diffusion_modelinput_blocks71transformer_blocks0ffnet2weight', 'model_ema.diffusion_modelinput_blocks71transformer_blocks0norm1bias', 'model_ema.diffusion_modelinput_blocks71transformer_blocks0norm1weight', 'model_ema.diffusion_modelinput_blocks71transformer_blocks0norm2bias', 'model_ema.diffusion_modelinput_blocks71transformer_blocks0norm2weight', 'model_ema.diffusion_modelinput_blocks71transformer_blocks0norm3bias', 'model_ema.diffusion_modelinput_blocks71transformer_blocks0norm3weight', 'model_ema.diffusion_modelinput_blocks80emb_layers1bias', 'model_ema.diffusion_modelinput_blocks80emb_layers1weight', 'model_ema.diffusion_modelinput_blocks80in_layers0bias', 'model_ema.diffusion_modelinput_blocks80in_layers0weight', 'model_ema.diffusion_modelinput_blocks80in_layers2bias', 'model_ema.diffusion_modelinput_blocks80in_layers2weight', 'model_ema.diffusion_modelinput_blocks80out_layers0bias', 'model_ema.diffusion_modelinput_blocks80out_layers0weight', 'model_ema.diffusion_modelinput_blocks80out_layers3bias', 'model_ema.diffusion_modelinput_blocks80out_layers3weight', 'model_ema.diffusion_modelinput_blocks81normbias', 'model_ema.diffusion_modelinput_blocks81normweight', 'model_ema.diffusion_modelinput_blocks81proj_inbias', 'model_ema.diffusion_modelinput_blocks81proj_inweight', 'model_ema.diffusion_modelinput_blocks81proj_outbias', 'model_ema.diffusion_modelinput_blocks81proj_outweight', 'model_ema.diffusion_modelinput_blocks81transformer_blocks0attn1to_kweight', 'model_ema.diffusion_modelinput_blocks81transformer_blocks0attn1to_out0bias', 'model_ema.diffusion_modelinput_blocks81transformer_blocks0attn1to_out0weight', 'model_ema.diffusion_modelinput_blocks81transformer_blocks0attn1to_qweight', 'model_ema.diffusion_modelinput_blocks81transformer_blocks0attn1to_vweight', 'model_ema.diffusion_modelinput_blocks81transformer_blocks0attn2to_kweight', 'model_ema.diffusion_modelinput_blocks81transformer_blocks0attn2to_out0bias', 'model_ema.diffusion_modelinput_blocks81transformer_blocks0attn2to_out0weight', 'model_ema.diffusion_modelinput_blocks81transformer_blocks0attn2to_qweight', 'model_ema.diffusion_modelinput_blocks81transformer_blocks0attn2to_vweight', 'model_ema.diffusion_modelinput_blocks81transformer_blocks0ffnet0projbias', 'model_ema.diffusion_modelinput_blocks81transformer_blocks0ffnet0projweight', 'model_ema.diffusion_modelinput_blocks81transformer_blocks0ffnet2bias', 'model_ema.diffusion_modelinput_blocks81transformer_blocks0ffnet2weight', 'model_ema.diffusion_modelinput_blocks81transformer_blocks0norm1bias', 'model_ema.diffusion_modelinput_blocks81transformer_blocks0norm1weight', 'model_ema.diffusion_modelinput_blocks81transformer_blocks0norm2bias', 'model_ema.diffusion_modelinput_blocks81transformer_blocks0norm2weight', 'model_ema.diffusion_modelinput_blocks81transformer_blocks0norm3bias', 'model_ema.diffusion_modelinput_blocks81transformer_blocks0norm3weight', 'model_ema.diffusion_modelinput_blocks90opbias', 'model_ema.diffusion_modelinput_blocks90opweight', 'model_ema.diffusion_modelmiddle_block0emb_layers1bias', 'model_ema.diffusion_modelmiddle_block0emb_layers1weight', 'model_ema.diffusion_modelmiddle_block0in_layers0bias', 'model_ema.diffusion_modelmiddle_block0in_layers0weight', 'model_ema.diffusion_modelmiddle_block0in_layers2bias', 'model_ema.diffusion_modelmiddle_block0in_layers2weight', 'model_ema.diffusion_modelmiddle_block0out_layers0bias', 'model_ema.diffusion_modelmiddle_block0out_layers0weight', 'model_ema.diffusion_modelmiddle_block0out_layers3bias', 'model_ema.diffusion_modelmiddle_block0out_layers3weight', 'model_ema.diffusion_modelmiddle_block1normbias', 'model_ema.diffusion_modelmiddle_block1normweight', 'model_ema.diffusion_modelmiddle_block1proj_inbias', 'model_ema.diffusion_modelmiddle_block1proj_inweight', 'model_ema.diffusion_modelmiddle_block1proj_outbias', 'model_ema.diffusion_modelmiddle_block1proj_outweight', 'model_ema.diffusion_modelmiddle_block1transformer_blocks0attn1to_kweight', 'model_ema.diffusion_modelmiddle_block1transformer_blocks0attn1to_out0bias', 'model_ema.diffusion_modelmiddle_block1transformer_blocks0attn1to_out0weight', 'model_ema.diffusion_modelmiddle_block1transformer_blocks0attn1to_qweight', 'model_ema.diffusion_modelmiddle_block1transformer_blocks0attn1to_vweight', 'model_ema.diffusion_modelmiddle_block1transformer_blocks0attn2to_kweight', 'model_ema.diffusion_modelmiddle_block1transformer_blocks0attn2to_out0bias', 'model_ema.diffusion_modelmiddle_block1transformer_blocks0attn2to_out0weight', 'model_ema.diffusion_modelmiddle_block1transformer_blocks0attn2to_qweight', 'model_ema.diffusion_modelmiddle_block1transformer_blocks0attn2to_vweight', 'model_ema.diffusion_modelmiddle_block1transformer_blocks0ffnet0projbias', 'model_ema.diffusion_modelmiddle_block1transformer_blocks0ffnet0projweight', 'model_ema.diffusion_modelmiddle_block1transformer_blocks0ffnet2bias', 'model_ema.diffusion_modelmiddle_block1transformer_blocks0ffnet2weight', 'model_ema.diffusion_modelmiddle_block1transformer_blocks0norm1bias', 'model_ema.diffusion_modelmiddle_block1transformer_blocks0norm1weight', 'model_ema.diffusion_modelmiddle_block1transformer_blocks0norm2bias', 'model_ema.diffusion_modelmiddle_block1transformer_blocks0norm2weight', 'model_ema.diffusion_modelmiddle_block1transformer_blocks0norm3bias', 'model_ema.diffusion_modelmiddle_block1transformer_blocks0norm3weight', 'model_ema.diffusion_modelmiddle_block2emb_layers1bias', 'model_ema.diffusion_modelmiddle_block2emb_layers1weight', 'model_ema.diffusion_modelmiddle_block2in_layers0bias', 'model_ema.diffusion_modelmiddle_block2in_layers0weight', 'model_ema.diffusion_modelmiddle_block2in_layers2bias', 'model_ema.diffusion_modelmiddle_block2in_layers2weight', 'model_ema.diffusion_modelmiddle_block2out_layers0bias', 'model_ema.diffusion_modelmiddle_block2out_layers0weight', 'model_ema.diffusion_modelmiddle_block2out_layers3bias', 'model_ema.diffusion_modelmiddle_block2out_layers3weight', 'model_ema.diffusion_modelout0bias', 'model_ema.diffusion_modelout0weight', 'model_ema.diffusion_modelout2bias', 'model_ema.diffusion_modelout2weight', 'model_ema.diffusion_modeloutput_blocks00emb_layers1bias', 'model_ema.diffusion_modeloutput_blocks00emb_layers1weight', 'model_ema.diffusion_modeloutput_blocks00in_layers0bias', 'model_ema.diffusion_modeloutput_blocks00in_layers0weight', 'model_ema.diffusion_modeloutput_blocks00in_layers2bias', 'model_ema.diffusion_modeloutput_blocks00in_layers2weight', 'model_ema.diffusion_modeloutput_blocks00out_layers0bias', 'model_ema.diffusion_modeloutput_blocks00out_layers0weight', 'model_ema.diffusion_modeloutput_blocks00out_layers3bias', 'model_ema.diffusion_modeloutput_blocks00out_layers3weight', 'model_ema.diffusion_modeloutput_blocks00skip_connectionbias', 'model_ema.diffusion_modeloutput_blocks00skip_connectionweight', 'model_ema.diffusion_modeloutput_blocks100emb_layers1bias', 'model_ema.diffusion_modeloutput_blocks100emb_layers1weight', 'model_ema.diffusion_modeloutput_blocks100in_layers0bias', 'model_ema.diffusion_modeloutput_blocks100in_layers0weight', 'model_ema.diffusion_modeloutput_blocks100in_layers2bias', 'model_ema.diffusion_modeloutput_blocks100in_layers2weight', 'model_ema.diffusion_modeloutput_blocks100out_layers0bias', 'model_ema.diffusion_modeloutput_blocks100out_layers0weight', 'model_ema.diffusion_modeloutput_blocks100out_layers3bias', 'model_ema.diffusion_modeloutput_blocks100out_layers3weight', 'model_ema.diffusion_modeloutput_blocks100skip_connectionbias', 'model_ema.diffusion_modeloutput_blocks100skip_connectionweight', 'model_ema.diffusion_modeloutput_blocks101normbias', 'model_ema.diffusion_modeloutput_blocks101normweight', 'model_ema.diffusion_modeloutput_blocks101proj_inbias', 'model_ema.diffusion_modeloutput_blocks101proj_inweight', 'model_ema.diffusion_modeloutput_blocks101proj_outbias', 'model_ema.diffusion_modeloutput_blocks101proj_outweight', 'model_ema.diffusion_modeloutput_blocks101transformer_blocks0attn1to_kweight', 'model_ema.diffusion_modeloutput_blocks101transformer_blocks0attn1to_out0bias', 'model_ema.diffusion_modeloutput_blocks101transformer_blocks0attn1to_out0weight', 'model_ema.diffusion_modeloutput_blocks101transformer_blocks0attn1to_qweight', 'model_ema.diffusion_modeloutput_blocks101transformer_blocks0attn1to_vweight', 'model_ema.diffusion_modeloutput_blocks101transformer_blocks0attn2to_kweight', 'model_ema.diffusion_modeloutput_blocks101transformer_blocks0attn2to_out0bias', 'model_ema.diffusion_modeloutput_blocks101transformer_blocks0attn2to_out0weight', 'model_ema.diffusion_modeloutput_blocks101transformer_blocks0attn2to_qweight', 'model_ema.diffusion_modeloutput_blocks101transformer_blocks0attn2to_vweight', 'model_ema.diffusion_modeloutput_blocks101transformer_blocks0ffnet0projbias', 'model_ema.diffusion_modeloutput_blocks101transformer_blocks0ffnet0projweight', 'model_ema.diffusion_modeloutput_blocks101transformer_blocks0ffnet2bias', 'model_ema.diffusion_modeloutput_blocks101transformer_blocks0ffnet2weight', 'model_ema.diffusion_modeloutput_blocks101transformer_blocks0norm1bias', 'model_ema.diffusion_modeloutput_blocks101transformer_blocks0norm1weight', 'model_ema.diffusion_modeloutput_blocks101transformer_blocks0norm2bias', 'model_ema.diffusion_modeloutput_blocks101transformer_blocks0norm2weight', 'model_ema.diffusion_modeloutput_blocks101transformer_blocks0norm3bias', 'model_ema.diffusion_modeloutput_blocks101transformer_blocks0norm3weight', 'model_ema.diffusion_modeloutput_blocks10emb_layers1bias', 'model_ema.diffusion_modeloutput_blocks10emb_layers1weight', 'model_ema.diffusion_modeloutput_blocks10in_layers0bias', 'model_ema.diffusion_modeloutput_blocks10in_layers0weight', 'model_ema.diffusion_modeloutput_blocks10in_layers2bias', 'model_ema.diffusion_modeloutput_blocks10in_layers2weight', 'model_ema.diffusion_modeloutput_blocks10out_layers0bias', 'model_ema.diffusion_modeloutput_blocks10out_layers0weight', 'model_ema.diffusion_modeloutput_blocks10out_layers3bias', 'model_ema.diffusion_modeloutput_blocks10out_layers3weight', 'model_ema.diffusion_modeloutput_blocks10skip_connectionbias', 'model_ema.diffusion_modeloutput_blocks10skip_connectionweight', 'model_ema.diffusion_modeloutput_blocks110emb_layers1bias', 'model_ema.diffusion_modeloutput_blocks110emb_layers1weight', 'model_ema.diffusion_modeloutput_blocks110in_layers0bias', 'model_ema.diffusion_modeloutput_blocks110in_layers0weight', 'model_ema.diffusion_modeloutput_blocks110in_layers2bias', 'model_ema.diffusion_modeloutput_blocks110in_layers2weight', 'model_ema.diffusion_modeloutput_blocks110out_layers0bias', 'model_ema.diffusion_modeloutput_blocks110out_layers0weight', 'model_ema.diffusion_modeloutput_blocks110out_layers3bias', 'model_ema.diffusion_modeloutput_blocks110out_layers3weight', 'model_ema.diffusion_modeloutput_blocks110skip_connectionbias', 'model_ema.diffusion_modeloutput_blocks110skip_connectionweight', 'model_ema.diffusion_modeloutput_blocks111normbias', 'model_ema.diffusion_modeloutput_blocks111normweight', 'model_ema.diffusion_modeloutput_blocks111proj_inbias', 'model_ema.diffusion_modeloutput_blocks111proj_inweight', 'model_ema.diffusion_modeloutput_blocks111proj_outbias', 'model_ema.diffusion_modeloutput_blocks111proj_outweight', 'model_ema.diffusion_modeloutput_blocks111transformer_blocks0attn1to_kweight', 'model_ema.diffusion_modeloutput_blocks111transformer_blocks0attn1to_out0bias', 'model_ema.diffusion_modeloutput_blocks111transformer_blocks0attn1to_out0weight', 'model_ema.diffusion_modeloutput_blocks111transformer_blocks0attn1to_qweight', 'model_ema.diffusion_modeloutput_blocks111transformer_blocks0attn1to_vweight', 'model_ema.diffusion_modeloutput_blocks111transformer_blocks0attn2to_kweight', 'model_ema.diffusion_modeloutput_blocks111transformer_blocks0attn2to_out0bias', 'model_ema.diffusion_modeloutput_blocks111transformer_blocks0attn2to_out0weight', 'model_ema.diffusion_modeloutput_blocks111transformer_blocks0attn2to_qweight', 'model_ema.diffusion_modeloutput_blocks111transformer_blocks0attn2to_vweight', 'model_ema.diffusion_modeloutput_blocks111transformer_blocks0ffnet0projbias', 'model_ema.diffusion_modeloutput_blocks111transformer_blocks0ffnet0projweight', 'model_ema.diffusion_modeloutput_blocks111transformer_blocks0ffnet2bias', 'model_ema.diffusion_modeloutput_blocks111transformer_blocks0ffnet2weight', 'model_ema.diffusion_modeloutput_blocks111transformer_blocks0norm1bias', 'model_ema.diffusion_modeloutput_blocks111transformer_blocks0norm1weight', 'model_ema.diffusion_modeloutput_blocks111transformer_blocks0norm2bias', 'model_ema.diffusion_modeloutput_blocks111transformer_blocks0norm2weight', 'model_ema.diffusion_modeloutput_blocks111transformer_blocks0norm3bias', 'model_ema.diffusion_modeloutput_blocks111transformer_blocks0norm3weight', 'model_ema.diffusion_modeloutput_blocks20emb_layers1bias', 'model_ema.diffusion_modeloutput_blocks20emb_layers1weight', 'model_ema.diffusion_modeloutput_blocks20in_layers0bias', 'model_ema.diffusion_modeloutput_blocks20in_layers0weight', 'model_ema.diffusion_modeloutput_blocks20in_layers2bias', 'model_ema.diffusion_modeloutput_blocks20in_layers2weight', 'model_ema.diffusion_modeloutput_blocks20out_layers0bias', 'model_ema.diffusion_modeloutput_blocks20out_layers0weight', 'model_ema.diffusion_modeloutput_blocks20out_layers3bias', 'model_ema.diffusion_modeloutput_blocks20out_layers3weight', 'model_ema.diffusion_modeloutput_blocks20skip_connectionbias', 'model_ema.diffusion_modeloutput_blocks20skip_connectionweight', 'model_ema.diffusion_modeloutput_blocks21convbias', 'model_ema.diffusion_modeloutput_blocks21convweight', 'model_ema.diffusion_modeloutput_blocks30emb_layers1bias', 'model_ema.diffusion_modeloutput_blocks30emb_layers1weight', 'model_ema.diffusion_modeloutput_blocks30in_layers0bias', 'model_ema.diffusion_modeloutput_blocks30in_layers0weight', 'model_ema.diffusion_modeloutput_blocks30in_layers2bias', 'model_ema.diffusion_modeloutput_blocks30in_layers2weight', 'model_ema.diffusion_modeloutput_blocks30out_layers0bias', 'model_ema.diffusion_modeloutput_blocks30out_layers0weight', 'model_ema.diffusion_modeloutput_blocks30out_layers3bias', 'model_ema.diffusion_modeloutput_blocks30out_layers3weight', 'model_ema.diffusion_modeloutput_blocks30skip_connectionbias', 'model_ema.diffusion_modeloutput_blocks30skip_connectionweight', 'model_ema.diffusion_modeloutput_blocks31normbias', 'model_ema.diffusion_modeloutput_blocks31normweight', 'model_ema.diffusion_modeloutput_blocks31proj_inbias', 'model_ema.diffusion_modeloutput_blocks31proj_inweight', 'model_ema.diffusion_modeloutput_blocks31proj_outbias', 'model_ema.diffusion_modeloutput_blocks31proj_outweight', 'model_ema.diffusion_modeloutput_blocks31transformer_blocks0attn1to_kweight', 'model_ema.diffusion_modeloutput_blocks31transformer_blocks0attn1to_out0bias', 'model_ema.diffusion_modeloutput_blocks31transformer_blocks0attn1to_out0weight', 'model_ema.diffusion_modeloutput_blocks31transformer_blocks0attn1to_qweight', 'model_ema.diffusion_modeloutput_blocks31transformer_blocks0attn1to_vweight', 'model_ema.diffusion_modeloutput_blocks31transformer_blocks0attn2to_kweight', 'model_ema.diffusion_modeloutput_blocks31transformer_blocks0attn2to_out0bias', 'model_ema.diffusion_modeloutput_blocks31transformer_blocks0attn2to_out0weight', 'model_ema.diffusion_modeloutput_blocks31transformer_blocks0attn2to_qweight', 'model_ema.diffusion_modeloutput_blocks31transformer_blocks0attn2to_vweight', 'model_ema.diffusion_modeloutput_blocks31transformer_blocks0ffnet0projbias', 'model_ema.diffusion_modeloutput_blocks31transformer_blocks0ffnet0projweight', 'model_ema.diffusion_modeloutput_blocks31transformer_blocks0ffnet2bias', 'model_ema.diffusion_modeloutput_blocks31transformer_blocks0ffnet2weight', 'model_ema.diffusion_modeloutput_blocks31transformer_blocks0norm1bias', 'model_ema.diffusion_modeloutput_blocks31transformer_blocks0norm1weight', 'model_ema.diffusion_modeloutput_blocks31transformer_blocks0norm2bias', 'model_ema.diffusion_modeloutput_blocks31transformer_blocks0norm2weight', 'model_ema.diffusion_modeloutput_blocks31transformer_blocks0norm3bias', 'model_ema.diffusion_modeloutput_blocks31transformer_blocks0norm3weight', 'model_ema.diffusion_modeloutput_blocks40emb_layers1bias', 'model_ema.diffusion_modeloutput_blocks40emb_layers1weight', 'model_ema.diffusion_modeloutput_blocks40in_layers0bias', 'model_ema.diffusion_modeloutput_blocks40in_layers0weight', 'model_ema.diffusion_modeloutput_blocks40in_layers2bias', 'model_ema.diffusion_modeloutput_blocks40in_layers2weight', 'model_ema.diffusion_modeloutput_blocks40out_layers0bias', 'model_ema.diffusion_modeloutput_blocks40out_layers0weight', 'model_ema.diffusion_modeloutput_blocks40out_layers3bias', 'model_ema.diffusion_modeloutput_blocks40out_layers3weight', 'model_ema.diffusion_modeloutput_blocks40skip_connectionbias', 'model_ema.diffusion_modeloutput_blocks40skip_connectionweight', 'model_ema.diffusion_modeloutput_blocks41normbias', 'model_ema.diffusion_modeloutput_blocks41normweight', 'model_ema.diffusion_modeloutput_blocks41proj_inbias', 'model_ema.diffusion_modeloutput_blocks41proj_inweight', 'model_ema.diffusion_modeloutput_blocks41proj_outbias', 'model_ema.diffusion_modeloutput_blocks41proj_outweight', 'model_ema.diffusion_modeloutput_blocks41transformer_blocks0attn1to_kweight', 'model_ema.diffusion_modeloutput_blocks41transformer_blocks0attn1to_out0bias', 'model_ema.diffusion_modeloutput_blocks41transformer_blocks0attn1to_out0weight', 'model_ema.diffusion_modeloutput_blocks41transformer_blocks0attn1to_qweight', 'model_ema.diffusion_modeloutput_blocks41transformer_blocks0attn1to_vweight', 'model_ema.diffusion_modeloutput_blocks41transformer_blocks0attn2to_kweight', 'model_ema.diffusion_modeloutput_blocks41transformer_blocks0attn2to_out0bias', 'model_ema.diffusion_modeloutput_blocks41transformer_blocks0attn2to_out0weight', 'model_ema.diffusion_modeloutput_blocks41transformer_blocks0attn2to_qweight', 'model_ema.diffusion_modeloutput_blocks41transformer_blocks0attn2to_vweight', 'model_ema.diffusion_modeloutput_blocks41transformer_blocks0ffnet0projbias', 'model_ema.diffusion_modeloutput_blocks41transformer_blocks0ffnet0projweight', 'model_ema.diffusion_modeloutput_blocks41transformer_blocks0ffnet2bias', 'model_ema.diffusion_modeloutput_blocks41transformer_blocks0ffnet2weight', 'model_ema.diffusion_modeloutput_blocks41transformer_blocks0norm1bias', 'model_ema.diffusion_modeloutput_blocks41transformer_blocks0norm1weight', 'model_ema.diffusion_modeloutput_blocks41transformer_blocks0norm2bias', 'model_ema.diffusion_modeloutput_blocks41transformer_blocks0norm2weight', 'model_ema.diffusion_modeloutput_blocks41transformer_blocks0norm3bias', 'model_ema.diffusion_modeloutput_blocks41transformer_blocks0norm3weight', 'model_ema.diffusion_modeloutput_blocks50emb_layers1bias', 'model_ema.diffusion_modeloutput_blocks50emb_layers1weight', 'model_ema.diffusion_modeloutput_blocks50in_layers0bias', 'model_ema.diffusion_modeloutput_blocks50in_layers0weight', 'model_ema.diffusion_modeloutput_blocks50in_layers2bias', 'model_ema.diffusion_modeloutput_blocks50in_layers2weight', 'model_ema.diffusion_modeloutput_blocks50out_layers0bias', 'model_ema.diffusion_modeloutput_blocks50out_layers0weight', 'model_ema.diffusion_modeloutput_blocks50out_layers3bias', 'model_ema.diffusion_modeloutput_blocks50out_layers3weight', 'model_ema.diffusion_modeloutput_blocks50skip_connectionbias', 'model_ema.diffusion_modeloutput_blocks50skip_connectionweight', 'model_ema.diffusion_modeloutput_blocks51normbias', 'model_ema.diffusion_modeloutput_blocks51normweight', 'model_ema.diffusion_modeloutput_blocks51proj_inbias', 'model_ema.diffusion_modeloutput_blocks51proj_inweight', 'model_ema.diffusion_modeloutput_blocks51proj_outbias', 'model_ema.diffusion_modeloutput_blocks51proj_outweight', 'model_ema.diffusion_modeloutput_blocks51transformer_blocks0attn1to_kweight', 'model_ema.diffusion_modeloutput_blocks51transformer_blocks0attn1to_out0bias', 'model_ema.diffusion_modeloutput_blocks51transformer_blocks0attn1to_out0weight', 'model_ema.diffusion_modeloutput_blocks51transformer_blocks0attn1to_qweight', 'model_ema.diffusion_modeloutput_blocks51transformer_blocks0attn1to_vweight', 'model_ema.diffusion_modeloutput_blocks51transformer_blocks0attn2to_kweight', 'model_ema.diffusion_modeloutput_blocks51transformer_blocks0attn2to_out0bias', 'model_ema.diffusion_modeloutput_blocks51transformer_blocks0attn2to_out0weight', 'model_ema.diffusion_modeloutput_blocks51transformer_blocks0attn2to_qweight', 'model_ema.diffusion_modeloutput_blocks51transformer_blocks0attn2to_vweight', 'model_ema.diffusion_modeloutput_blocks51transformer_blocks0ffnet0projbias', 'model_ema.diffusion_modeloutput_blocks51transformer_blocks0ffnet0projweight', 'model_ema.diffusion_modeloutput_blocks51transformer_blocks0ffnet2bias', 'model_ema.diffusion_modeloutput_blocks51transformer_blocks0ffnet2weight', 'model_ema.diffusion_modeloutput_blocks51transformer_blocks0norm1bias', 'model_ema.diffusion_modeloutput_blocks51transformer_blocks0norm1weight', 'model_ema.diffusion_modeloutput_blocks51transformer_blocks0norm2bias', 'model_ema.diffusion_modeloutput_blocks51transformer_blocks0norm2weight', 'model_ema.diffusion_modeloutput_blocks51transformer_blocks0norm3bias', 'model_ema.diffusion_modeloutput_blocks51transformer_blocks0norm3weight', 'model_ema.diffusion_modeloutput_blocks52convbias', 'model_ema.diffusion_modeloutput_blocks52convweight', 'model_ema.diffusion_modeloutput_blocks60emb_layers1bias', 'model_ema.diffusion_modeloutput_blocks60emb_layers1weight', 'model_ema.diffusion_modeloutput_blocks60in_layers0bias', 'model_ema.diffusion_modeloutput_blocks60in_layers0weight', 'model_ema.diffusion_modeloutput_blocks60in_layers2bias', 'model_ema.diffusion_modeloutput_blocks60in_layers2weight', 'model_ema.diffusion_modeloutput_blocks60out_layers0bias', 'model_ema.diffusion_modeloutput_blocks60out_layers0weight', 'model_ema.diffusion_modeloutput_blocks60out_layers3bias', 'model_ema.diffusion_modeloutput_blocks60out_layers3weight', 'model_ema.diffusion_modeloutput_blocks60skip_connectionbias', 'model_ema.diffusion_modeloutput_blocks60skip_connectionweight', 'model_ema.diffusion_modeloutput_blocks61normbias', 'model_ema.diffusion_modeloutput_blocks61normweight', 'model_ema.diffusion_modeloutput_blocks61proj_inbias', 'model_ema.diffusion_modeloutput_blocks61proj_inweight', 'model_ema.diffusion_modeloutput_blocks61proj_outbias', 'model_ema.diffusion_modeloutput_blocks61proj_outweight', 'model_ema.diffusion_modeloutput_blocks61transformer_blocks0attn1to_kweight', 'model_ema.diffusion_modeloutput_blocks61transformer_blocks0attn1to_out0bias', 'model_ema.diffusion_modeloutput_blocks61transformer_blocks0attn1to_out0weight', 'model_ema.diffusion_modeloutput_blocks61transformer_blocks0attn1to_qweight', 'model_ema.diffusion_modeloutput_blocks61transformer_blocks0attn1to_vweight', 'model_ema.diffusion_modeloutput_blocks61transformer_blocks0attn2to_kweight', 'model_ema.diffusion_modeloutput_blocks61transformer_blocks0attn2to_out0bias', 'model_ema.diffusion_modeloutput_blocks61transformer_blocks0attn2to_out0weight', 'model_ema.diffusion_modeloutput_blocks61transformer_blocks0attn2to_qweight', 'model_ema.diffusion_modeloutput_blocks61transformer_blocks0attn2to_vweight', 'model_ema.diffusion_modeloutput_blocks61transformer_blocks0ffnet0projbias', 'model_ema.diffusion_modeloutput_blocks61transformer_blocks0ffnet0projweight', 'model_ema.diffusion_modeloutput_blocks61transformer_blocks0ffnet2bias', 'model_ema.diffusion_modeloutput_blocks61transformer_blocks0ffnet2weight', 'model_ema.diffusion_modeloutput_blocks61transformer_blocks0norm1bias', 'model_ema.diffusion_modeloutput_blocks61transformer_blocks0norm1weight', 'model_ema.diffusion_modeloutput_blocks61transformer_blocks0norm2bias', 'model_ema.diffusion_modeloutput_blocks61transformer_blocks0norm2weight', 'model_ema.diffusion_modeloutput_blocks61transformer_blocks0norm3bias', 'model_ema.diffusion_modeloutput_blocks61transformer_blocks0norm3weight', 'model_ema.diffusion_modeloutput_blocks70emb_layers1bias', 'model_ema.diffusion_modeloutput_blocks70emb_layers1weight', 'model_ema.diffusion_modeloutput_blocks70in_layers0bias', 'model_ema.diffusion_modeloutput_blocks70in_layers0weight', 'model_ema.diffusion_modeloutput_blocks70in_layers2bias', 'model_ema.diffusion_modeloutput_blocks70in_layers2weight', 'model_ema.diffusion_modeloutput_blocks70out_layers0bias', 'model_ema.diffusion_modeloutput_blocks70out_layers0weight', 'model_ema.diffusion_modeloutput_blocks70out_layers3bias', 'model_ema.diffusion_modeloutput_blocks70out_layers3weight', 'model_ema.diffusion_modeloutput_blocks70skip_connectionbias', 'model_ema.diffusion_modeloutput_blocks70skip_connectionweight', 'model_ema.diffusion_modeloutput_blocks71normbias', 'model_ema.diffusion_modeloutput_blocks71normweight', 'model_ema.diffusion_modeloutput_blocks71proj_inbias', 'model_ema.diffusion_modeloutput_blocks71proj_inweight', 'model_ema.diffusion_modeloutput_blocks71proj_outbias', 'model_ema.diffusion_modeloutput_blocks71proj_outweight', 'model_ema.diffusion_modeloutput_blocks71transformer_blocks0attn1to_kweight', 'model_ema.diffusion_modeloutput_blocks71transformer_blocks0attn1to_out0bias', 'model_ema.diffusion_modeloutput_blocks71transformer_blocks0attn1to_out0weight', 'model_ema.diffusion_modeloutput_blocks71transformer_blocks0attn1to_qweight', 'model_ema.diffusion_modeloutput_blocks71transformer_blocks0attn1to_vweight', 'model_ema.diffusion_modeloutput_blocks71transformer_blocks0attn2to_kweight', 'model_ema.diffusion_modeloutput_blocks71transformer_blocks0attn2to_out0bias', 'model_ema.diffusion_modeloutput_blocks71transformer_blocks0attn2to_out0weight', 'model_ema.diffusion_modeloutput_blocks71transformer_blocks0attn2to_qweight', 'model_ema.diffusion_modeloutput_blocks71transformer_blocks0attn2to_vweight', 'model_ema.diffusion_modeloutput_blocks71transformer_blocks0ffnet0projbias', 'model_ema.diffusion_modeloutput_blocks71transformer_blocks0ffnet0projweight', 'model_ema.diffusion_modeloutput_blocks71transformer_blocks0ffnet2bias', 'model_ema.diffusion_modeloutput_blocks71transformer_blocks0ffnet2weight', 'model_ema.diffusion_modeloutput_blocks71transformer_blocks0norm1bias', 'model_ema.diffusion_modeloutput_blocks71transformer_blocks0norm1weight', 'model_ema.diffusion_modeloutput_blocks71transformer_blocks0norm2bias', 'model_ema.diffusion_modeloutput_blocks71transformer_blocks0norm2weight', 'model_ema.diffusion_modeloutput_blocks71transformer_blocks0norm3bias', 'model_ema.diffusion_modeloutput_blocks71transformer_blocks0norm3weight', 'model_ema.diffusion_modeloutput_blocks80emb_layers1bias', 'model_ema.diffusion_modeloutput_blocks80emb_layers1weight', 'model_ema.diffusion_modeloutput_blocks80in_layers0bias', 'model_ema.diffusion_modeloutput_blocks80in_layers0weight', 'model_ema.diffusion_modeloutput_blocks80in_layers2bias', 'model_ema.diffusion_modeloutput_blocks80in_layers2weight', 'model_ema.diffusion_modeloutput_blocks80out_layers0bias', 'model_ema.diffusion_modeloutput_blocks80out_layers0weight', 'model_ema.diffusion_modeloutput_blocks80out_layers3bias', 'model_ema.diffusion_modeloutput_blocks80out_layers3weight', 'model_ema.diffusion_modeloutput_blocks80skip_connectionbias', 'model_ema.diffusion_modeloutput_blocks80skip_connectionweight', 'model_ema.diffusion_modeloutput_blocks81normbias', 'model_ema.diffusion_modeloutput_blocks81normweight', 'model_ema.diffusion_modeloutput_blocks81proj_inbias', 'model_ema.diffusion_modeloutput_blocks81proj_inweight', 'model_ema.diffusion_modeloutput_blocks81proj_outbias', 'model_ema.diffusion_modeloutput_blocks81proj_outweight', 'model_ema.diffusion_modeloutput_blocks81transformer_blocks0attn1to_kweight', 'model_ema.diffusion_modeloutput_blocks81transformer_blocks0attn1to_out0bias', 'model_ema.diffusion_modeloutput_blocks81transformer_blocks0attn1to_out0weight', 'model_ema.diffusion_modeloutput_blocks81transformer_blocks0attn1to_qweight', 'model_ema.diffusion_modeloutput_blocks81transformer_blocks0attn1to_vweight', 'model_ema.diffusion_modeloutput_blocks81transformer_blocks0attn2to_kweight', 'model_ema.diffusion_modeloutput_blocks81transformer_blocks0attn2to_out0bias', 'model_ema.diffusion_modeloutput_blocks81transformer_blocks0attn2to_out0weight', 'model_ema.diffusion_modeloutput_blocks81transformer_blocks0attn2to_qweight', 'model_ema.diffusion_modeloutput_blocks81transformer_blocks0attn2to_vweight', 'model_ema.diffusion_modeloutput_blocks81transformer_blocks0ffnet0projbias', 'model_ema.diffusion_modeloutput_blocks81transformer_blocks0ffnet0projweight', 'model_ema.diffusion_modeloutput_blocks81transformer_blocks0ffnet2bias', 'model_ema.diffusion_modeloutput_blocks81transformer_blocks0ffnet2weight', 'model_ema.diffusion_modeloutput_blocks81transformer_blocks0norm1bias', 'model_ema.diffusion_modeloutput_blocks81transformer_blocks0norm1weight', 'model_ema.diffusion_modeloutput_blocks81transformer_blocks0norm2bias', 'model_ema.diffusion_modeloutput_blocks81transformer_blocks0norm2weight', 'model_ema.diffusion_modeloutput_blocks81transformer_blocks0norm3bias', 'model_ema.diffusion_modeloutput_blocks81transformer_blocks0norm3weight', 'model_ema.diffusion_modeloutput_blocks82convbias', 'model_ema.diffusion_modeloutput_blocks82convweight', 'model_ema.diffusion_modeloutput_blocks90emb_layers1bias', 'model_ema.diffusion_modeloutput_blocks90emb_layers1weight', 'model_ema.diffusion_modeloutput_blocks90in_layers0bias', 'model_ema.diffusion_modeloutput_blocks90in_layers0weight', 'model_ema.diffusion_modeloutput_blocks90in_layers2bias', 'model_ema.diffusion_modeloutput_blocks90in_layers2weight', 'model_ema.diffusion_modeloutput_blocks90out_layers0bias', 'model_ema.diffusion_modeloutput_blocks90out_layers0weight', 'model_ema.diffusion_modeloutput_blocks90out_layers3bias', 'model_ema.diffusion_modeloutput_blocks90out_layers3weight', 'model_ema.diffusion_modeloutput_blocks90skip_connectionbias', 'model_ema.diffusion_modeloutput_blocks90skip_connectionweight', 'model_ema.diffusion_modeloutput_blocks91normbias', 'model_ema.diffusion_modeloutput_blocks91normweight', 'model_ema.diffusion_modeloutput_blocks91proj_inbias', 'model_ema.diffusion_modeloutput_blocks91proj_inweight', 'model_ema.diffusion_modeloutput_blocks91proj_outbias', 'model_ema.diffusion_modeloutput_blocks91proj_outweight', 'model_ema.diffusion_modeloutput_blocks91transformer_blocks0attn1to_kweight', 'model_ema.diffusion_modeloutput_blocks91transformer_blocks0attn1to_out0bias', 'model_ema.diffusion_modeloutput_blocks91transformer_blocks0attn1to_out0weight', 'model_ema.diffusion_modeloutput_blocks91transformer_blocks0attn1to_qweight', 'model_ema.diffusion_modeloutput_blocks91transformer_blocks0attn1to_vweight', 'model_ema.diffusion_modeloutput_blocks91transformer_blocks0attn2to_kweight', 'model_ema.diffusion_modeloutput_blocks91transformer_blocks0attn2to_out0bias', 'model_ema.diffusion_modeloutput_blocks91transformer_blocks0attn2to_out0weight', 'model_ema.diffusion_modeloutput_blocks91transformer_blocks0attn2to_qweight', 'model_ema.diffusion_modeloutput_blocks91transformer_blocks0attn2to_vweight', 'model_ema.diffusion_modeloutput_blocks91transformer_blocks0ffnet0projbias', 'model_ema.diffusion_modeloutput_blocks91transformer_blocks0ffnet0projweight', 'model_ema.diffusion_modeloutput_blocks91transformer_blocks0ffnet2bias', 'model_ema.diffusion_modeloutput_blocks91transformer_blocks0ffnet2weight', 'model_ema.diffusion_modeloutput_blocks91transformer_blocks0norm1bias', 'model_ema.diffusion_modeloutput_blocks91transformer_blocks0norm1weight', 'model_ema.diffusion_modeloutput_blocks91transformer_blocks0norm2bias', 'model_ema.diffusion_modeloutput_blocks91transformer_blocks0norm2weight', 'model_ema.diffusion_modeloutput_blocks91transformer_blocks0norm3bias', 'model_ema.diffusion_modeloutput_blocks91transformer_blocks0norm3weight', 'model_ema.diffusion_modeltime_embed0bias', 'model_ema.diffusion_modeltime_embed0weight', 'model_ema.diffusion_modeltime_embed2bias', 'model_ema.diffusion_modeltime_embed2weight', 'model_ema.num_updates', 'posterior_log_variance_clipped', 'posterior_mean_coef1', 'posterior_mean_coef2', 'posterior_variance', 'sqrt_alphas_cumprod', 'sqrt_one_minus_alphas_cumprod', 'sqrt_recip_alphas_cumprod', 'sqrt_recipm1_alphas_cumprod', 'cond_stage_model.clip_l.transformer.text_model.embeddings.position_ids'])
Requested to load SD1ClipModel
Loading 1 new model
Requested to load BaseModel
Loading 1 new model
  0%|          | 0/10 [00:00<?, ?it/s] 10%|#         | 1/10 [00:00<00:05,  1.54it/s] 20%|##        | 2/10 [00:01<00:04,  1.70it/s] 30%|###       | 3/10 [00:01<00:03,  1.83it/s] 40%|####      | 4/10 [00:02<00:03,  1.89it/s] 50%|#####     | 5/10 [00:02<00:02,  1.93it/s] 60%|######    | 6/10 [00:03<00:02,  1.96it/s] 70%|#######   | 7/10 [00:03<00:01,  1.97it/s] 80%|########  | 8/10 [00:04<00:01,  1.98it/s] 90%|######### | 9/10 [00:04<00:00,  1.99it/s]100%|##########| 10/10 [00:05<00:00,  1.99it/s]100%|##########| 10/10 [00:05<00:00,  1.93it/s]
  0%|          | 0/10 [00:00<?, ?it/s] 10%|#         | 1/10 [00:00<00:00,  9.97it/s] 30%|###       | 3/10 [00:00<00:00, 12.94it/s] 50%|#####     | 5/10 [00:00<00:00, 13.80it/s] 70%|#######   | 7/10 [00:00<00:00, 14.10it/s] 90%|######### | 9/10 [00:00<00:00, 14.33it/s]100%|##########| 10/10 [00:00<00:00, 13.92it/s]
  0%|          | 0/10 [00:00<?, ?it/s] 20%|##        | 2/10 [00:00<00:00, 14.43it/s] 40%|####      | 4/10 [00:00<00:00, 14.56it/s] 60%|######    | 6/10 [00:00<00:00, 14.63it/s] 80%|########  | 8/10 [00:00<00:00, 14.65it/s]100%|##########| 10/10 [00:00<00:00, 14.64it/s]100%|##########| 10/10 [00:00<00:00, 14.61it/s]
ERROR:root:!!! Exception during processing !!!
ERROR:root:Traceback (most recent call last):
  File "/media/pliu/Storage/ComfyUI_windows_portable/ComfyUI/execution.py", line 153, in recursive_execute
    output_data, output_ui = get_output_data(obj, input_data_all)
  File "/media/pliu/Storage/ComfyUI_windows_portable/ComfyUI/execution.py", line 83, in get_output_data
    return_values = map_node_over_list(obj, input_data_all, obj.FUNCTION, allow_interrupt=True)
  File "/media/pliu/Storage/ComfyUI_windows_portable/ComfyUI/execution.py", line 76, in map_node_over_list
    results.append(getattr(obj, func)(**slice_dict(input_data_all, i)))
  File "/media/pliu/Storage/ComfyUI_windows_portable/ComfyUI/custom_nodes/ComfyUI_Dave_CustomNode/MultiLatentComposite.py", line 36, in composite
    x =  values[k][0] // 8
IndexError: list index out of range

Prompt executed in 8.20 seconds

Stopped server
